<?xml version="1.0" encoding="UTF-8"?>
<!-- Generated by org.testng.reporters.JUnitXMLReporter -->
<testsuite ignored="0" hostname="DESKTOP-CLD8OLA" failures="0" tests="8" name="Test" time="77.505" errors="0" timestamp="2025-06-01T18:20:55 IST">
  <testcase classname="testCases.TC001_AccountRegistrationTest" name="verifyAccountRegistration" time="3.035"/>
  <testcase classname="testCases.TC002_AccountLoginTest" name="verifyUserLogin" time="1.713"/>
  <testcase classname="testCases.TC003_DataDrivenLoginTest" name="verify_DDTLogin" time="2.881"/>
  <testcase classname="testCases.TC003_DataDrivenLoginTest" name="verify_DDTLogin" time="11.647"/>
  <testcase classname="testCases.TC003_DataDrivenLoginTest" name="verify_DDTLogin" time="2.321"/>
  <testcase classname="testCases.TC003_DataDrivenLoginTest" name="verify_DDTLogin" time="11.585"/>
  <testcase classname="testCases.TC003_DataDrivenLoginTest" name="verify_DDTLogin" time="11.539"/>
  <testcase classname="testCases.TC003_DataDrivenLoginTest" name="verify_DDTLogin" time="13.413"/>
</testsuite> <!-- Test -->
