<?xml version="1.0" encoding="UTF-8"?>
<!-- Generated by org.testng.reporters.JUnitXMLReporter -->
<testsuite ignored="1" hostname="DESKTOP-CLD8OLA" failures="0" tests="2" name="Test" time="10.498" errors="0" timestamp="2025-05-09T17:45:51 IST">
  <testcase classname="testCases.TC001_AccountRegistrationTest" name="verifyAccountRegistration" time="1.823"/>
  <testcase classname="testCases.TC002_AccountLoginTest" name="verifyUserLogin" time="1.217"/>
  <testcase classname="testCases.TC003_DataDrivenLoginTest" name="verify_DDTLogin" time="0.0">
    <ignored/>
  </testcase> <!-- verify_DDTLogin -->
</testsuite> <!-- Test -->
