<?xml version="1.0" encoding="UTF-8"?>
<testng-results ignored="0" total="8" passed="8" failed="0" skipped="0">
  <reporter-output>
  </reporter-output>
  <suite started-at="2025-06-01T12:17:57 IST" name="MasterSuite" finished-at="2025-06-01T12:19:06 IST" duration-ms="69179">
    <groups>
      <group name="Master">
        <method signature="TC001_AccountRegistrationTest.verifyAccountRegistration()[pri:0, instance:testCases.TC001_AccountRegistrationTest@451001e5]" name="verifyAccountRegistration" class="testCases.TC001_AccountRegistrationTest"/>
        <method signature="TC002_AccountLoginTest.verifyUserLogin()[pri:0, instance:testCases.TC002_AccountLoginTest@5ddeb7cb]" name="verifyUserLogin" class="testCases.TC002_AccountLoginTest"/>
      </group> <!-- Master -->
      <group name="regression">
        <method signature="TC002_AccountLoginTest.verifyUserLogin()[pri:0, instance:testCases.TC002_AccountLoginTest@5ddeb7cb]" name="verifyUserLogin" class="testCases.TC002_AccountLoginTest"/>
      </group> <!-- regression -->
      <group name="DataDriven">
        <method signature="TC003_DataDrivenLoginTest.verify_DDTLogin(java.lang.String,java.lang.String,java.lang.String)[pri:0, instance:testCases.TC003_DataDrivenLoginTest@70ed52de]" name="verify_DDTLogin" class="testCases.TC003_DataDrivenLoginTest"/>
      </group> <!-- DataDriven -->
      <group name="sanity">
        <method signature="TC001_AccountRegistrationTest.verifyAccountRegistration()[pri:0, instance:testCases.TC001_AccountRegistrationTest@451001e5]" name="verifyAccountRegistration" class="testCases.TC001_AccountRegistrationTest"/>
      </group> <!-- sanity -->
    </groups>
    <test started-at="2025-06-01T12:17:57 IST" name="Test" finished-at="2025-06-01T12:19:06 IST" duration-ms="69179">
      <class name="testCases.TC003_DataDrivenLoginTest">
        <test-method is-config="true" signature="setUp(java.lang.String)[pri:0, instance:testCases.TC003_DataDrivenLoginTest@70ed52de]" started-at="2025-06-01T12:18:13 IST" name="setUp" finished-at="2025-06-01T12:18:17 IST" duration-ms="3196" status="PASS">
          <params>
            <param index="0">
              <value>
                <![CDATA[Chrome]]>
              </value>
            </param>
          </params>
          <reporter-output>
          </reporter-output>
        </test-method> <!-- setUp -->
        <test-method signature="verify_DDTLogin(java.lang.String,java.lang.String,java.lang.String)[pri:0, instance:testCases.TC003_DataDrivenLoginTest@70ed52de]" started-at="2025-06-01T12:18:18 IST" name="verify_DDTLogin" data-provider="LoginData" finished-at="2025-06-01T12:18:20 IST" duration-ms="2211" status="PASS">
          <params>
            <param index="0">
              <value>
                <![CDATA[newnils123@gmail.com]]>
              </value>
            </param>
            <param index="1">
              <value>
                <![CDATA[test#123]]>
              </value>
            </param>
            <param index="2">
              <value>
                <![CDATA[Valid]]>
              </value>
            </param>
          </params>
          <reporter-output>
          </reporter-output>
        </test-method> <!-- verify_DDTLogin -->
        <test-method signature="verify_DDTLogin(java.lang.String,java.lang.String,java.lang.String)[pri:0, instance:testCases.TC003_DataDrivenLoginTest@70ed52de]" started-at="2025-06-01T12:18:20 IST" name="verify_DDTLogin" data-provider="LoginData" finished-at="2025-06-01T12:18:31 IST" duration-ms="10746" status="PASS">
          <params>
            <param index="0">
              <value>
                <![CDATA[lakshmi@yahoo.com]]>
              </value>
            </param>
            <param index="1">
              <value>
                <![CDATA[Laxmi]]>
              </value>
            </param>
            <param index="2">
              <value>
                <![CDATA[Invalid]]>
              </value>
            </param>
          </params>
          <reporter-output>
          </reporter-output>
        </test-method> <!-- verify_DDTLogin -->
        <test-method signature="verify_DDTLogin(java.lang.String,java.lang.String,java.lang.String)[pri:0, instance:testCases.TC003_DataDrivenLoginTest@70ed52de]" started-at="2025-06-01T12:18:31 IST" name="verify_DDTLogin" data-provider="LoginData" finished-at="2025-06-01T12:18:33 IST" duration-ms="1854" status="PASS">
          <params>
            <param index="0">
              <value>
                <![CDATA[laksh@yahoo.com]]>
              </value>
            </param>
            <param index="1">
              <value>
                <![CDATA[Lakshmi]]>
              </value>
            </param>
            <param index="2">
              <value>
                <![CDATA[Valid]]>
              </value>
            </param>
          </params>
          <reporter-output>
          </reporter-output>
        </test-method> <!-- verify_DDTLogin -->
        <test-method signature="verify_DDTLogin(java.lang.String,java.lang.String,java.lang.String)[pri:0, instance:testCases.TC003_DataDrivenLoginTest@70ed52de]" started-at="2025-06-01T12:18:33 IST" name="verify_DDTLogin" data-provider="LoginData" finished-at="2025-06-01T12:18:44 IST" duration-ms="11137" status="PASS">
          <params>
            <param index="0">
              <value>
                <![CDATA[laks@yahoo.com]]>
              </value>
            </param>
            <param index="1">
              <value>
                <![CDATA[xyz]]>
              </value>
            </param>
            <param index="2">
              <value>
                <![CDATA[Invalid]]>
              </value>
            </param>
          </params>
          <reporter-output>
          </reporter-output>
        </test-method> <!-- verify_DDTLogin -->
        <test-method signature="verify_DDTLogin(java.lang.String,java.lang.String,java.lang.String)[pri:0, instance:testCases.TC003_DataDrivenLoginTest@70ed52de]" started-at="2025-06-01T12:18:44 IST" name="verify_DDTLogin" data-provider="LoginData" finished-at="2025-06-01T12:18:55 IST" duration-ms="10807" status="PASS">
          <params>
            <param index="0">
              <value>
                <![CDATA[]]>
              </value>
            </param>
            <param index="1">
              <value>
                <![CDATA[abc]]>
              </value>
            </param>
            <param index="2">
              <value>
                <![CDATA[Invalid]]>
              </value>
            </param>
          </params>
          <reporter-output>
          </reporter-output>
        </test-method> <!-- verify_DDTLogin -->
        <test-method signature="verify_DDTLogin(java.lang.String,java.lang.String,java.lang.String)[pri:0, instance:testCases.TC003_DataDrivenLoginTest@70ed52de]" started-at="2025-06-01T12:18:55 IST" name="verify_DDTLogin" data-provider="LoginData" finished-at="2025-06-01T12:19:06 IST" duration-ms="11133" status="PASS">
          <params>
            <param index="0">
              <value>
                <![CDATA[newnils123@gmail.com]]>
              </value>
            </param>
            <param index="1">
              <value>
                <![CDATA[]]>
              </value>
            </param>
            <param index="2">
              <value>
                <![CDATA[Invalid]]>
              </value>
            </param>
          </params>
          <reporter-output>
          </reporter-output>
        </test-method> <!-- verify_DDTLogin -->
        <test-method is-config="true" signature="tearDown()[pri:0, instance:testCases.TC003_DataDrivenLoginTest@70ed52de]" started-at="2025-06-01T12:19:06 IST" name="tearDown" finished-at="2025-06-01T12:19:06 IST" duration-ms="337" status="PASS">
          <reporter-output>
          </reporter-output>
        </test-method> <!-- tearDown -->
      </class> <!-- testCases.TC003_DataDrivenLoginTest -->
      <class name="testCases.TC001_AccountRegistrationTest">
        <test-method is-config="true" signature="setUp(java.lang.String)[pri:0, instance:testCases.TC001_AccountRegistrationTest@451001e5]" started-at="2025-06-01T12:17:57 IST" name="setUp" finished-at="2025-06-01T12:18:04 IST" duration-ms="6926" status="PASS">
          <params>
            <param index="0">
              <value>
                <![CDATA[Chrome]]>
              </value>
            </param>
          </params>
          <reporter-output>
          </reporter-output>
        </test-method> <!-- setUp -->
        <test-method signature="verifyAccountRegistration()[pri:0, instance:testCases.TC001_AccountRegistrationTest@451001e5]" started-at="2025-06-01T12:18:04 IST" name="verifyAccountRegistration" finished-at="2025-06-01T12:18:08 IST" duration-ms="3621" status="PASS">
          <reporter-output>
          </reporter-output>
        </test-method> <!-- verifyAccountRegistration -->
        <test-method is-config="true" signature="tearDown()[pri:0, instance:testCases.TC001_AccountRegistrationTest@451001e5]" started-at="2025-06-01T12:18:08 IST" name="tearDown" finished-at="2025-06-01T12:18:08 IST" duration-ms="313" status="PASS">
          <reporter-output>
          </reporter-output>
        </test-method> <!-- tearDown -->
      </class> <!-- testCases.TC001_AccountRegistrationTest -->
      <class name="testCases.TC002_AccountLoginTest">
        <test-method is-config="true" signature="setUp(java.lang.String)[pri:0, instance:testCases.TC002_AccountLoginTest@5ddeb7cb]" started-at="2025-06-01T12:18:08 IST" name="setUp" finished-at="2025-06-01T12:18:12 IST" duration-ms="3367" status="PASS">
          <params>
            <param index="0">
              <value>
                <![CDATA[Chrome]]>
              </value>
            </param>
          </params>
          <reporter-output>
          </reporter-output>
        </test-method> <!-- setUp -->
        <test-method signature="verifyUserLogin()[pri:0, instance:testCases.TC002_AccountLoginTest@5ddeb7cb]" started-at="2025-06-01T12:18:12 IST" name="verifyUserLogin" finished-at="2025-06-01T12:18:13 IST" duration-ms="1505" status="PASS">
          <reporter-output>
          </reporter-output>
        </test-method> <!-- verifyUserLogin -->
        <test-method is-config="true" signature="tearDown()[pri:0, instance:testCases.TC002_AccountLoginTest@5ddeb7cb]" started-at="2025-06-01T12:18:13 IST" name="tearDown" finished-at="2025-06-01T12:18:13 IST" duration-ms="286" status="PASS">
          <reporter-output>
          </reporter-output>
        </test-method> <!-- tearDown -->
      </class> <!-- testCases.TC002_AccountLoginTest -->
    </test> <!-- Test -->
  </suite> <!-- MasterSuite -->
</testng-results>
