<?xml version="1.0" encoding="UTF-8"?>
<!-- Generated by org.testng.reporters.JUnitXMLReporter -->
<testsuite ignored="0" hostname="DESKTOP-CLD8OLA" failures="0" tests="8" name="Test" time="69.179" errors="0" timestamp="2025-06-01T12:19:06 IST">
  <testcase classname="testCases.TC001_AccountRegistrationTest" name="verifyAccountRegistration" time="3.621"/>
  <testcase classname="testCases.TC002_AccountLoginTest" name="verifyUserLogin" time="1.505"/>
  <testcase classname="testCases.TC003_DataDrivenLoginTest" name="verify_DDTLogin" time="2.211"/>
  <testcase classname="testCases.TC003_DataDrivenLoginTest" name="verify_DDTLogin" time="10.746"/>
  <testcase classname="testCases.TC003_DataDrivenLoginTest" name="verify_DDTLogin" time="1.854"/>
  <testcase classname="testCases.TC003_DataDrivenLoginTest" name="verify_DDTLogin" time="11.137"/>
  <testcase classname="testCases.TC003_DataDrivenLoginTest" name="verify_DDTLogin" time="10.807"/>
  <testcase classname="testCases.TC003_DataDrivenLoginTest" name="verify_DDTLogin" time="11.133"/>
</testsuite> <!-- Test -->
